

Started GET "/assets/rails.png" for 127.0.0.1 at 2012-06-09 14:57:17 -0400
Connecting to database specified by database.yml
Served asset /rails.png - 200 OK (36ms)
Connecting to database specified by database.yml
Connecting to database specified by database.yml
  [1m[36m (0.2ms)[0m  [1mselect sqlite_version(*)[0m
  [1m[35m (3.4ms)[0m  CREATE TABLE "schema_migrations" ("version" varchar(255) NOT NULL) 
  [1m[36m (0.1ms)[0m  [1mPRAGMA index_list("schema_migrations")[0m
  [1m[35m (2.1ms)[0m  CREATE UNIQUE INDEX "unique_schema_migrations" ON "schema_migrations" ("version")
  [1m[36m (0.1ms)[0m  [1mSELECT "schema_migrations"."version" FROM "schema_migrations" [0m
Migrating to CreateUsers (20120609194428)
  [1m[35m (0.1ms)[0m  begin transaction
  [1m[36m (0.6ms)[0m  [1mCREATE TABLE "users" ("id" INTEGER PRIMARY KEY AUTOINCREMENT NOT NULL, "provider" varchar(255), "uid" varchar(255), "name" varchar(255), "created_at" datetime NOT NULL, "updated_at" datetime NOT NULL) [0m
  [1m[35m (0.1ms)[0m  INSERT INTO "schema_migrations" ("version") VALUES ('20120609194428')
  [1m[36m (2.1ms)[0m  [1mcommit transaction[0m
  [1m[35m (0.3ms)[0m  select sqlite_version(*)
  [1m[36m (0.1ms)[0m  [1mSELECT "schema_migrations"."version" FROM "schema_migrations" [0m
  [1m[35m (0.0ms)[0m  PRAGMA index_list("users")


Started GET "/assets/rails.png" for 127.0.0.1 at 2012-06-09 15:50:39 -0400
Connecting to database specified by database.yml
Served asset /rails.png - 304 Not Modified (95ms)


Started GET "/" for 127.0.0.1 at 2012-06-09 15:50:56 -0400
Processing by HomeController#index as HTML
  Rendered home/index.html.erb within layouts/application (16.5ms)
Compiled home.css  (44ms)  (pid 4812)
Compiled sessions.css  (1ms)  (pid 4812)
Compiled application.css  (88ms)  (pid 4812)
Compiled jquery.js  (1ms)  (pid 4812)
Compiled jquery_ujs.js  (0ms)  (pid 4812)
Compiled home.js  (121ms)  (pid 4812)
Compiled sessions.js  (1ms)  (pid 4812)
Compiled application.js  (195ms)  (pid 4812)
Completed 200 OK in 424ms (Views: 423.2ms | ActiveRecord: 0.0ms)


Started GET "/assets/sessions.css?body=1" for 127.0.0.1 at 2012-06-09 15:50:56 -0400
Served asset /sessions.css - 200 OK (2ms)


Started GET "/assets/jquery.js?body=1" for 127.0.0.1 at 2012-06-09 15:50:56 -0400
Served asset /jquery.js - 304 Not Modified (5ms)


Started GET "/assets/home.js?body=1" for 127.0.0.1 at 2012-06-09 15:50:56 -0400
Served asset /home.js - 200 OK (2ms)


Started GET "/assets/home.css?body=1" for 127.0.0.1 at 2012-06-09 15:50:56 -0400
Served asset /home.css - 200 OK (3ms)


Started GET "/assets/sessions.js?body=1" for 127.0.0.1 at 2012-06-09 15:50:56 -0400
Served asset /sessions.js - 200 OK (2ms)


Started GET "/assets/jquery_ujs.js?body=1" for 127.0.0.1 at 2012-06-09 15:50:56 -0400
Served asset /jquery_ujs.js - 304 Not Modified (2ms)


Started GET "/assets/application.css?body=1" for 127.0.0.1 at 2012-06-09 15:50:56 -0400
Served asset /application.css - 200 OK (3ms)


Started GET "/assets/application.js?body=1" for 127.0.0.1 at 2012-06-09 15:50:57 -0400
Served asset /application.js - 200 OK (6ms)


Started GET "/auth/twitter" for 127.0.0.1 at 2012-06-09 15:50:59 -0400

OAuth::Unauthorized (401 Unauthorized):
  oauth (0.4.6) lib/oauth/consumer.rb:216:in `token_request'
  oauth (0.4.6) lib/oauth/consumer.rb:136:in `get_request_token'
  omniauth-oauth (1.0.1) lib/omniauth/strategies/oauth.rb:29:in `request_phase'
  omniauth-twitter (0.0.11) lib/omniauth/strategies/twitter.rb:50:in `request_phase'
  omniauth (1.1.0) lib/omniauth/strategy.rb:207:in `request_call'
  omniauth (1.1.0) lib/omniauth/strategy.rb:174:in `call!'
  omniauth (1.1.0) lib/omniauth/strategy.rb:157:in `call'
  omniauth (1.1.0) lib/omniauth/builder.rb:48:in `call'
  actionpack (3.2.5) lib/action_dispatch/middleware/best_standards_support.rb:17:in `call'
  rack (1.4.1) lib/rack/etag.rb:23:in `call'
  rack (1.4.1) lib/rack/conditionalget.rb:25:in `call'
  actionpack (3.2.5) lib/action_dispatch/middleware/head.rb:14:in `call'
  actionpack (3.2.5) lib/action_dispatch/middleware/params_parser.rb:21:in `call'
  actionpack (3.2.5) lib/action_dispatch/middleware/flash.rb:238:in `call'
  rack (1.4.1) lib/rack/session/abstract/id.rb:205:in `context'
  rack (1.4.1) lib/rack/session/abstract/id.rb:200:in `call'
  actionpack (3.2.5) lib/action_dispatch/middleware/cookies.rb:338:in `call'
  activerecord (3.2.5) lib/active_record/query_cache.rb:64:in `call'
  activerecord (3.2.5) lib/active_record/connection_adapters/abstract/connection_pool.rb:473:in `call'
  actionpack (3.2.5) lib/action_dispatch/middleware/callbacks.rb:28:in `block in call'
  activesupport (3.2.5) lib/active_support/callbacks.rb:405:in `_run__4050564079314585022__call__980656704889176405__callbacks'
  activesupport (3.2.5) lib/active_support/callbacks.rb:405:in `__run_callback'
  activesupport (3.2.5) lib/active_support/callbacks.rb:385:in `_run_call_callbacks'
  activesupport (3.2.5) lib/active_support/callbacks.rb:81:in `run_callbacks'
  actionpack (3.2.5) lib/action_dispatch/middleware/callbacks.rb:27:in `call'
  actionpack (3.2.5) lib/action_dispatch/middleware/reloader.rb:65:in `call'
  actionpack (3.2.5) lib/action_dispatch/middleware/remote_ip.rb:31:in `call'
  actionpack (3.2.5) lib/action_dispatch/middleware/debug_exceptions.rb:16:in `call'
  actionpack (3.2.5) lib/action_dispatch/middleware/show_exceptions.rb:56:in `call'
  railties (3.2.5) lib/rails/rack/logger.rb:26:in `call_app'
  railties (3.2.5) lib/rails/rack/logger.rb:16:in `call'
  actionpack (3.2.5) lib/action_dispatch/middleware/request_id.rb:22:in `call'
  rack (1.4.1) lib/rack/methodoverride.rb:21:in `call'
  rack (1.4.1) lib/rack/runtime.rb:17:in `call'
  activesupport (3.2.5) lib/active_support/cache/strategy/local_cache.rb:72:in `call'
  rack (1.4.1) lib/rack/lock.rb:15:in `call'
  actionpack (3.2.5) lib/action_dispatch/middleware/static.rb:62:in `call'
  railties (3.2.5) lib/rails/engine.rb:479:in `call'
  railties (3.2.5) lib/rails/application.rb:220:in `call'
  rack (1.4.1) lib/rack/content_length.rb:14:in `call'
  railties (3.2.5) lib/rails/rack/log_tailer.rb:17:in `call'
  rack (1.4.1) lib/rack/handler/webrick.rb:59:in `service'
  /Users/dubroe/.rvm/rubies/ruby-1.9.3-p0/lib/ruby/1.9.1/webrick/httpserver.rb:138:in `service'
  /Users/dubroe/.rvm/rubies/ruby-1.9.3-p0/lib/ruby/1.9.1/webrick/httpserver.rb:94:in `run'
  /Users/dubroe/.rvm/rubies/ruby-1.9.3-p0/lib/ruby/1.9.1/webrick/server.rb:191:in `block in start_thread'


  Rendered /Users/dubroe/.rvm/gems/ruby-1.9.3-p0/gems/actionpack-3.2.5/lib/action_dispatch/middleware/templates/rescues/_trace.erb (2.8ms)
  Rendered /Users/dubroe/.rvm/gems/ruby-1.9.3-p0/gems/actionpack-3.2.5/lib/action_dispatch/middleware/templates/rescues/_request_and_response.erb (0.9ms)
  Rendered /Users/dubroe/.rvm/gems/ruby-1.9.3-p0/gems/actionpack-3.2.5/lib/action_dispatch/middleware/templates/rescues/diagnostics.erb within rescues/layout (12.9ms)


Started GET "/" for 127.0.0.1 at 2012-06-09 15:51:09 -0400
Processing by HomeController#index as HTML
  Rendered home/index.html.erb within layouts/application (0.7ms)
Completed 200 OK in 8ms (Views: 7.8ms | ActiveRecord: 0.0ms)


Started GET "/assets/application.css?body=1" for 127.0.0.1 at 2012-06-09 15:51:09 -0400
Served asset /application.css - 304 Not Modified (0ms)


Started GET "/assets/home.css?body=1" for 127.0.0.1 at 2012-06-09 15:51:09 -0400
Served asset /home.css - 304 Not Modified (0ms)


Started GET "/assets/sessions.css?body=1" for 127.0.0.1 at 2012-06-09 15:51:09 -0400
Served asset /sessions.css - 304 Not Modified (0ms)


Started GET "/assets/jquery.js?body=1" for 127.0.0.1 at 2012-06-09 15:51:09 -0400
Served asset /jquery.js - 304 Not Modified (0ms)


Started GET "/assets/home.js?body=1" for 127.0.0.1 at 2012-06-09 15:51:09 -0400
Served asset /home.js - 304 Not Modified (0ms)


Started GET "/assets/jquery_ujs.js?body=1" for 127.0.0.1 at 2012-06-09 15:51:09 -0400
Served asset /jquery_ujs.js - 304 Not Modified (0ms)


Started GET "/assets/sessions.js?body=1" for 127.0.0.1 at 2012-06-09 15:51:09 -0400
Served asset /sessions.js - 304 Not Modified (0ms)


Started GET "/assets/application.js?body=1" for 127.0.0.1 at 2012-06-09 15:51:09 -0400
Served asset /application.js - 304 Not Modified (0ms)


Started GET "/" for 127.0.0.1 at 2012-06-09 16:12:28 -0400
Connecting to database specified by database.yml
Processing by HomeController#index as HTML
  Rendered home/index.html.erb within layouts/application (18.9ms)
Compiled application_custom.css  (24ms)  (pid 5367)
Compiled application.css  (31ms)  (pid 5367)
Completed 500 Internal Server Error in 207ms

ActionView::Template::Error (uninitialized constant ActionView::CompiledTemplates::Rhubs):
    3:   <%= content_tag :head do %>
    4:     <%= content_tag :title, @title || 'twitter-doghouse' %>
    5:     <%= stylesheet_link_tag 'application' %>
    6:     <%= stylesheet_link_tag "controller-specific/#{controller_name}.css" if Rhubs::Application.assets.find_asset("controller-specific/#{controller_name}.css") %>
    7:     <%= javascript_include_tag :application %>
    8:     <%= javascript_include_tag "controller-specific/#{controller_name}.js" if Rhubs::Application.assets.find_asset("controller-specific/#{controller_name}.js") %>
    9:     <%= csrf_meta_tag %>
  app/views/layouts/application.html.erb:6:in `block (2 levels) in _app_views_layouts_application_html_erb__3190715246577130468_70209344838740'
  app/views/layouts/application.html.erb:3:in `block in _app_views_layouts_application_html_erb__3190715246577130468_70209344838740'
  app/views/layouts/application.html.erb:2:in `_app_views_layouts_application_html_erb__3190715246577130468_70209344838740'


  Rendered /Users/dubroe/.rvm/gems/ruby-1.9.3-p0/gems/actionpack-3.2.5/lib/action_dispatch/middleware/templates/rescues/_trace.erb (2.9ms)
  Rendered /Users/dubroe/.rvm/gems/ruby-1.9.3-p0/gems/actionpack-3.2.5/lib/action_dispatch/middleware/templates/rescues/_request_and_response.erb (19.8ms)
  Rendered /Users/dubroe/.rvm/gems/ruby-1.9.3-p0/gems/actionpack-3.2.5/lib/action_dispatch/middleware/templates/rescues/template_error.erb within rescues/layout (30.2ms)


Started GET "/" for 127.0.0.1 at 2012-06-09 16:13:38 -0400
Processing by HomeController#index as HTML
  Rendered home/index.html.erb within layouts/application (0.4ms)
Compiled controller-specific/home.css  (60ms)  (pid 5367)
Compiled jquery-ui.js  (2ms)  (pid 5367)
Compiled twitter/bootstrap/alert.js  (0ms)  (pid 5367)
Compiled twitter/bootstrap/button.js  (0ms)  (pid 5367)
Compiled twitter/bootstrap/carousel.js  (0ms)  (pid 5367)
Compiled twitter/bootstrap/collapse.js  (0ms)  (pid 5367)
Compiled twitter/bootstrap/dropdown.js  (0ms)  (pid 5367)
Compiled twitter/bootstrap/modal.js  (0ms)  (pid 5367)
Compiled twitter/bootstrap/tooltip.js  (0ms)  (pid 5367)
Compiled twitter/bootstrap/popover.js  (0ms)  (pid 5367)
Compiled twitter/bootstrap/scrollspy.js  (0ms)  (pid 5367)
Compiled twitter/bootstrap/tab.js  (0ms)  (pid 5367)
Compiled twitter/bootstrap/transition.js  (1ms)  (pid 5367)
Compiled twitter/bootstrap/typeahead.js  (0ms)  (pid 5367)
Compiled twitter/bootstrap.js  (220ms)  (pid 5367)
Compiled application_custom.js  (87ms)  (pid 5367)
Compiled application.js  (422ms)  (pid 5367)
Compiled controller-specific/home.js  (1ms)  (pid 5367)
Completed 200 OK in 646ms (Views: 645.3ms | ActiveRecord: 0.0ms)


Started GET "/assets/application.css?body=1" for 127.0.0.1 at 2012-06-09 16:13:38 -0400
Served asset /application.css - 304 Not Modified (1ms)


Started GET "/assets/application_custom.css?body=1" for 127.0.0.1 at 2012-06-09 16:13:39 -0400
Served asset /application_custom.css - 200 OK (1ms)


Started GET "/assets/jquery-ui.js?body=1" for 127.0.0.1 at 2012-06-09 16:13:39 -0400
Served asset /jquery-ui.js - 304 Not Modified (2ms)


Started GET "/assets/jquery.js?body=1" for 127.0.0.1 at 2012-06-09 16:13:39 -0400
Served asset /jquery.js - 304 Not Modified (2ms)


Started GET "/assets/controller-specific/home.css?body=1" for 127.0.0.1 at 2012-06-09 16:13:39 -0400
Served asset /controller-specific/home.css - 200 OK (1ms)


Started GET "/assets/twitter/bootstrap/collapse.js?body=1" for 127.0.0.1 at 2012-06-09 16:13:39 -0400
Served asset /twitter/bootstrap/collapse.js - 304 Not Modified (2ms)


Started GET "/assets/jquery_ujs.js?body=1" for 127.0.0.1 at 2012-06-09 16:13:39 -0400
Served asset /jquery_ujs.js - 304 Not Modified (4ms)


Started GET "/assets/twitter/bootstrap/dropdown.js?body=1" for 127.0.0.1 at 2012-06-09 16:13:39 -0400
Served asset /twitter/bootstrap/dropdown.js - 304 Not Modified (2ms)


Started GET "/assets/twitter/bootstrap/scrollspy.js?body=1" for 127.0.0.1 at 2012-06-09 16:13:39 -0400
Served asset /twitter/bootstrap/scrollspy.js - 304 Not Modified (5ms)


Started GET "/assets/twitter/bootstrap/typeahead.js?body=1" for 127.0.0.1 at 2012-06-09 16:13:39 -0400
Served asset /twitter/bootstrap/typeahead.js - 304 Not Modified (3ms)


Started GET "/assets/twitter/bootstrap/popover.js?body=1" for 127.0.0.1 at 2012-06-09 16:13:39 -0400
Served asset /twitter/bootstrap/popover.js - 304 Not Modified (6ms)


Started GET "/assets/twitter/bootstrap/tab.js?body=1" for 127.0.0.1 at 2012-06-09 16:13:39 -0400
Served asset /twitter/bootstrap/tab.js - 304 Not Modified (3ms)


Started GET "/assets/twitter/bootstrap/tooltip.js?body=1" for 127.0.0.1 at 2012-06-09 16:13:39 -0400
Served asset /twitter/bootstrap/tooltip.js - 304 Not Modified (3ms)


Started GET "/assets/twitter/bootstrap/transition.js?body=1" for 127.0.0.1 at 2012-06-09 16:13:39 -0400
Served asset /twitter/bootstrap/transition.js - 304 Not Modified (5ms)


Started GET "/assets/twitter/bootstrap.js?body=1" for 127.0.0.1 at 2012-06-09 16:13:39 -0400
Served asset /twitter/bootstrap.js - 304 Not Modified (19ms)


Started GET "/assets/application_custom.js?body=1" for 127.0.0.1 at 2012-06-09 16:13:39 -0400
Served asset /application_custom.js - 200 OK (2ms)


Started GET "/assets/application.js?body=1" for 127.0.0.1 at 2012-06-09 16:13:39 -0400
Served asset /application.js - 200 OK (50ms)


Started GET "/assets/controller-specific/home.js?body=1" for 127.0.0.1 at 2012-06-09 16:13:39 -0400
Served asset /controller-specific/home.js - 200 OK (1ms)


Started GET "/assets/twitter/bootstrap/alert.js?body=1" for 127.0.0.1 at 2012-06-09 16:13:39 -0400
Served asset /twitter/bootstrap/alert.js - 304 Not Modified (2ms)


Started GET "/assets/twitter/bootstrap/modal.js?body=1" for 127.0.0.1 at 2012-06-09 16:13:39 -0400
Served asset /twitter/bootstrap/modal.js - 304 Not Modified (2ms)


Started GET "/assets/twitter/bootstrap/button.js?body=1" for 127.0.0.1 at 2012-06-09 16:13:39 -0400
Served asset /twitter/bootstrap/button.js - 304 Not Modified (3ms)


Started GET "/assets/twitter/bootstrap/carousel.js?body=1" for 127.0.0.1 at 2012-06-09 16:13:39 -0400
Served asset /twitter/bootstrap/carousel.js - 304 Not Modified (2ms)


Started GET "/" for 127.0.0.1 at 2012-06-09 16:19:47 -0400
Connecting to database specified by database.yml
Processing by HomeController#index as HTML
  Rendered home/index.html.erb within layouts/application (37.6ms)
Completed 200 OK in 302ms (Views: 301.6ms | ActiveRecord: 0.0ms)


Started GET "/assets/application.css?body=1" for 127.0.0.1 at 2012-06-09 16:19:47 -0400
Served asset /application.css - 304 Not Modified (3ms)


Started GET "/assets/application_custom.css?body=1" for 127.0.0.1 at 2012-06-09 16:19:47 -0400
Served asset /application_custom.css - 304 Not Modified (2ms)


Started GET "/assets/controller-specific/home.css?body=1" for 127.0.0.1 at 2012-06-09 16:19:47 -0400
Served asset /controller-specific/home.css - 304 Not Modified (2ms)


Started GET "/assets/jquery.js?body=1" for 127.0.0.1 at 2012-06-09 16:19:47 -0400
Served asset /jquery.js - 304 Not Modified (2ms)


Started GET "/assets/jquery-ui.js?body=1" for 127.0.0.1 at 2012-06-09 16:19:48 -0400
Served asset /jquery-ui.js - 304 Not Modified (23ms)


Started GET "/assets/jquery_ujs.js?body=1" for 127.0.0.1 at 2012-06-09 16:19:48 -0400
Served asset /jquery_ujs.js - 304 Not Modified (1ms)


Started GET "/assets/twitter/bootstrap/alert.js?body=1" for 127.0.0.1 at 2012-06-09 16:19:48 -0400
Served asset /twitter/bootstrap/alert.js - 304 Not Modified (13ms)


Started GET "/assets/twitter/bootstrap/button.js?body=1" for 127.0.0.1 at 2012-06-09 16:19:48 -0400
Served asset /twitter/bootstrap/button.js - 304 Not Modified (2ms)


Started GET "/assets/twitter/bootstrap/carousel.js?body=1" for 127.0.0.1 at 2012-06-09 16:19:48 -0400
Served asset /twitter/bootstrap/carousel.js - 304 Not Modified (2ms)


Started GET "/assets/twitter/bootstrap/collapse.js?body=1" for 127.0.0.1 at 2012-06-09 16:19:48 -0400
Served asset /twitter/bootstrap/collapse.js - 304 Not Modified (2ms)


Started GET "/assets/twitter/bootstrap/dropdown.js?body=1" for 127.0.0.1 at 2012-06-09 16:19:48 -0400
Served asset /twitter/bootstrap/dropdown.js - 304 Not Modified (3ms)


Started GET "/assets/twitter/bootstrap/modal.js?body=1" for 127.0.0.1 at 2012-06-09 16:19:48 -0400
Served asset /twitter/bootstrap/modal.js - 304 Not Modified (3ms)


Started GET "/assets/twitter/bootstrap/tooltip.js?body=1" for 127.0.0.1 at 2012-06-09 16:19:48 -0400
Served asset /twitter/bootstrap/tooltip.js - 304 Not Modified (2ms)


Started GET "/assets/twitter/bootstrap/popover.js?body=1" for 127.0.0.1 at 2012-06-09 16:19:48 -0400
Served asset /twitter/bootstrap/popover.js - 304 Not Modified (2ms)


Started GET "/assets/twitter/bootstrap/scrollspy.js?body=1" for 127.0.0.1 at 2012-06-09 16:19:48 -0400
Served asset /twitter/bootstrap/scrollspy.js - 304 Not Modified (2ms)


Started GET "/assets/twitter/bootstrap/tab.js?body=1" for 127.0.0.1 at 2012-06-09 16:19:48 -0400
Served asset /twitter/bootstrap/tab.js - 304 Not Modified (3ms)


Started GET "/assets/twitter/bootstrap/transition.js?body=1" for 127.0.0.1 at 2012-06-09 16:19:48 -0400
Served asset /twitter/bootstrap/transition.js - 304 Not Modified (2ms)


Started GET "/assets/twitter/bootstrap/typeahead.js?body=1" for 127.0.0.1 at 2012-06-09 16:19:48 -0400
Served asset /twitter/bootstrap/typeahead.js - 304 Not Modified (2ms)


Started GET "/assets/twitter/bootstrap.js?body=1" for 127.0.0.1 at 2012-06-09 16:19:48 -0400
Served asset /twitter/bootstrap.js - 304 Not Modified (13ms)


Started GET "/assets/application_custom.js?body=1" for 127.0.0.1 at 2012-06-09 16:19:48 -0400
Served asset /application_custom.js - 304 Not Modified (1ms)


Started GET "/assets/application.js?body=1" for 127.0.0.1 at 2012-06-09 16:19:48 -0400
Served asset /application.js - 304 Not Modified (15ms)


Started GET "/assets/controller-specific/home.js?body=1" for 127.0.0.1 at 2012-06-09 16:19:48 -0400
Served asset /controller-specific/home.js - 304 Not Modified (1ms)
