Compiled jquery.js  (2ms)  (pid 5951)
Compiled jquery-ui.js  (5ms)  (pid 5951)
Compiled jquery_ujs.js  (0ms)  (pid 5951)
Compiled twitter/bootstrap/alert.js  (0ms)  (pid 5951)
Compiled twitter/bootstrap/button.js  (0ms)  (pid 5951)
Compiled twitter/bootstrap/carousel.js  (0ms)  (pid 5951)
Compiled twitter/bootstrap/collapse.js  (0ms)  (pid 5951)
Compiled twitter/bootstrap/dropdown.js  (0ms)  (pid 5951)
Compiled twitter/bootstrap/modal.js  (0ms)  (pid 5951)
Compiled twitter/bootstrap/tooltip.js  (0ms)  (pid 5951)
Compiled twitter/bootstrap/popover.js  (0ms)  (pid 5951)
Compiled twitter/bootstrap/scrollspy.js  (0ms)  (pid 5951)
Compiled twitter/bootstrap/tab.js  (0ms)  (pid 5951)
Compiled twitter/bootstrap/transition.js  (0ms)  (pid 5951)
Compiled twitter/bootstrap/typeahead.js  (0ms)  (pid 5951)
Compiled twitter/bootstrap.js  (152ms)  (pid 5951)
Compiled application_custom.js  (126ms)  (pid 5951)
Compiled application.js  (425ms)  (pid 5951)
Compiled controller-specific/home.js  (1ms)  (pid 5951)
Compiled controller-specific/sessions.js  (0ms)  (pid 5951)
Compiled application_custom.css  (19ms)  (pid 5951)
Compiled application.css  (23ms)  (pid 5951)
Compiled controller-specific/home.css  (54ms)  (pid 5951)
Compiled controller-specific/sessions.css  (1ms)  (pid 5951)
Compiled jquery-ui.min.js  (1ms)  (pid 5951)
Compiled jquery.min.js  (16ms)  (pid 5951)
Compiled twitter/bootstrap-responsive.css  (103ms)  (pid 5951)
Compiled twitter/bootstrap.css  (1107ms)  (pid 5951)
Compiled fontawesome.css  (32ms)  (pid 5951)
Compiled coffee-script.js  (1ms)  (pid 5951)
Compiled jquery.js  (1ms)  (pid 5951)
Compiled jquery-ui.js  (2ms)  (pid 5951)
Compiled jquery_ujs.js  (0ms)  (pid 5951)
Compiled twitter/bootstrap/alert.js  (0ms)  (pid 5951)
Compiled twitter/bootstrap/button.js  (0ms)  (pid 5951)
Compiled twitter/bootstrap/carousel.js  (0ms)  (pid 5951)
Compiled twitter/bootstrap/collapse.js  (0ms)  (pid 5951)
Compiled twitter/bootstrap/dropdown.js  (0ms)  (pid 5951)
Compiled twitter/bootstrap/modal.js  (0ms)  (pid 5951)
Compiled twitter/bootstrap/tooltip.js  (0ms)  (pid 5951)
Compiled twitter/bootstrap/popover.js  (0ms)  (pid 5951)
Compiled twitter/bootstrap/scrollspy.js  (0ms)  (pid 5951)
Compiled twitter/bootstrap/tab.js  (0ms)  (pid 5951)
Compiled twitter/bootstrap/transition.js  (0ms)  (pid 5951)
Compiled twitter/bootstrap/typeahead.js  (0ms)  (pid 5951)
Compiled twitter/bootstrap.js  (185ms)  (pid 5951)
Compiled application_custom.js  (73ms)  (pid 5951)
Compiled application.js  (372ms)  (pid 5951)
Compiled controller-specific/home.js  (1ms)  (pid 5951)
Compiled controller-specific/sessions.js  (1ms)  (pid 5951)
Compiled application_custom.css  (18ms)  (pid 5951)
Compiled application.css  (23ms)  (pid 5951)
Compiled controller-specific/home.css  (41ms)  (pid 5951)
Compiled controller-specific/sessions.css  (1ms)  (pid 5951)
Compiled jquery-ui.min.js  (1ms)  (pid 5951)
Compiled jquery.min.js  (1ms)  (pid 5951)
Compiled twitter/bootstrap-responsive.css  (122ms)  (pid 5951)
Compiled twitter/bootstrap.css  (636ms)  (pid 5951)
Compiled fontawesome.css  (13ms)  (pid 5951)
Compiled coffee-script.js  (1ms)  (pid 5951)
